========================================
LabelWise API - Starting...
========================================
[1/8] Creating WebApplication builder...
[2/8] Loading configuration...
Environment: Production
Environment: Production
[3/8] Configuring CORS...
[4/8] Configuring options...
Application Insights: disabled (no connection string configured)
[5/8] Registering Application services...
[6/8] Registering Infrastructure services...
═══════════════════════════════════════════════════════════════════════════
📋 OCR PROVIDER CONFIGURATION
═══════════════════════════════════════════════════════════════════════════
🔧 Provider: Selector
🎭 Use Mock Provider: False
🎯 SMART OCR SELECTOR PROVIDER (Tesseract → Azure fallback)
   📊 Strategy: Execute Tesseract first (free, local)
   📊 If confidence < threshold → Use Azure Vision (paid, high quality)
   🎚️  Threshold: 85%
   🔄 Always execute both: False
═══════════════════════════════════════════════════════════════════════════
[7/8] Configuring JWT Authentication...
[8/8] Building application...
Application built successfully!
Configuring middleware pipeline...
Configuring middleware pipeline...
========================================
LabelWise API is ready!
Swagger UI: /swagger
Environment: Production
========================================
info: LabelWise.Infrastructure.Persistence.Mongo.MongoIndexInitializerHostedService[0]
      MongoDB conectado e índices garantidos para o banco hcanutricao_dev.
CORS: Configured for Production (Allowed Origins: https://localhost:7319, https://localhost:7001, https://localhost:4443, http://localhost:3000)
info: Microsoft.Hosting.Lifetime[14]
      Now listening on: http://localhost:5319
info: Microsoft.Hosting.Lifetime[0]
      Application started. Press Ctrl+C to shut down.
info: Microsoft.Hosting.Lifetime[0]
      Hosting environment: Production
info: Microsoft.Hosting.Lifetime[0]
      Content root path: C:\Users\chamb\source\repos\LabelWise\LabelWise.Api
